2018-12-17 21:58:55.833  INFO 2980 --- [main] com.example.demo.DemoApplication         : Starting DemoApplication on DESKTOP-N2BRJI6 with PID 2980 (F:\SpringBoot\demo\target\classes started by 76739 in F:\SpringBoot\demo)
2018-12-17 21:58:55.839  INFO 2980 --- [main] com.example.demo.DemoApplication         : No active profile set, falling back to default profiles: default
2018-12-17 21:58:56.317  WARN 2980 --- [main] o.m.s.mapper.ClassPathMapperScanner      : Skipping MapperFactoryBean with name 'sysResourcesMapper' and 'com.example.mapper.test1.SysResourcesMapper' mapperInterface. Bean already defined with the same name!
2018-12-17 21:58:56.318  WARN 2980 --- [main] o.m.s.mapper.ClassPathMapperScanner      : Skipping MapperFactoryBean with name 'sysRoleMapper' and 'com.example.mapper.test1.SysRoleMapper' mapperInterface. Bean already defined with the same name!
2018-12-17 21:58:56.318  WARN 2980 --- [main] o.m.s.mapper.ClassPathMapperScanner      : Skipping MapperFactoryBean with name 'sysRoleResourcesMapper' and 'com.example.mapper.test1.SysRoleResourcesMapper' mapperInterface. Bean already defined with the same name!
2018-12-17 21:58:56.318  WARN 2980 --- [main] o.m.s.mapper.ClassPathMapperScanner      : Skipping MapperFactoryBean with name 'sysUserMapper' and 'com.example.mapper.test1.SysUserMapper' mapperInterface. Bean already defined with the same name!
2018-12-17 21:58:56.318  WARN 2980 --- [main] o.m.s.mapper.ClassPathMapperScanner      : Skipping MapperFactoryBean with name 'sysUserRoleMapper' and 'com.example.mapper.test1.SysUserRoleMapper' mapperInterface. Bean already defined with the same name!
2018-12-17 21:58:56.318  WARN 2980 --- [main] o.m.s.mapper.ClassPathMapperScanner      : Skipping MapperFactoryBean with name 'userMapper' and 'com.example.mapper.test1.UserMapper' mapperInterface. Bean already defined with the same name!
2018-12-17 21:58:56.318  WARN 2980 --- [main] o.m.s.mapper.ClassPathMapperScanner      : Skipping MapperFactoryBean with name 'sysUserMapper2' and 'com.example.mapper.test2.SysUserMapper2' mapperInterface. Bean already defined with the same name!
2018-12-17 21:58:56.318  WARN 2980 --- [main] o.m.s.mapper.ClassPathMapperScanner      : No MyBatis mapper was found in '[com.example.mapper]' package. Please check your configuration.
2018-12-17 21:58:57.749  INFO 2980 --- [main] o.apache.catalina.core.StandardService   : Starting service [Tomcat]
2018-12-17 21:58:57.750  INFO 2980 --- [main] org.apache.catalina.core.StandardEngine  : Starting Servlet Engine: Apache Tomcat/8.5.34
2018-12-17 21:58:57.754  INFO 2980 --- [localhost-startStop-1] o.a.catalina.core.AprLifecycleListener   : The APR based Apache Tomcat Native library which allows optimal performance in production environments was not found on the java.library.path: [C:\Program Files\Java\jdk1.8.0_181\bin;C:\WINDOWS\Sun\Java\bin;C:\WINDOWS\system32;C:\WINDOWS;C:\Program Files (x86)\Common Files\Oracle\Java\javapath;C:\Program Files\Java\jdk1.8.0_181\bin;C:\Program Files (x86)\Intel\iCLS Client\;C:\Program Files\Intel\iCLS Client\;C:\Windows\system32;C:\Windows;C:\Windows\System32\Wbem;C:\Windows\System32\WindowsPowerShell\v1.0\;C:\Program Files (x86)\NVIDIA Corporation\PhysX\Common;C:\Program Files (x86)\Intel\Intel(R) Management Engine Components\DAL;C:\Program Files\Intel\Intel(R) Management Engine Components\DAL;C:\Program Files (x86)\Intel\Intel(R) Management Engine Components\IPT;C:\Program Files\Intel\Intel(R) Management Engine Components\IPT;C:\WINDOWS\system32;C:\WINDOWS;C:\WINDOWS\System32\Wbem;C:\WINDOWS\System32\WindowsPowerShell\v1.0\;F:\Maven\apache-maven-3.5.4\bin\;C:\Program Files\MySQL\MySQL Server 5.7\bin;C:\Program Files\MySQL\MySQL Utilities 1.6\;C:\WINDOWS\System32\OpenSSH\;F:\Redis\;C:\Users\76739\AppData\Local\Microsoft\WindowsApps;;.]
2018-12-17 21:58:57.918  INFO 2980 --- [localhost-startStop-1] org.apache.jasper.servlet.TldScanner     : At least one JAR was scanned for TLDs yet contained no TLDs. Enable debug logging for this logger for a complete list of JARs that were scanned but no TLDs were found in them. Skipping unneeded JARs during scanning can improve startup time and JSP compilation time.
2018-12-17 21:58:57.921  INFO 2980 --- [localhost-startStop-1] o.a.c.c.C.[Tomcat].[localhost].[/]       : Initializing Spring embedded WebApplicationContext
2018-12-17 21:58:57.921  INFO 2980 --- [localhost-startStop-1] o.s.web.context.ContextLoader            : Root WebApplicationContext: initialization completed in 2051 ms
2018-12-17 21:58:58.384  INFO 2980 --- [main] o.s.w.s.handler.SimpleUrlHandlerMapping  : Mapped URL path [/**/favicon.ico] onto handler of type [class org.springframework.web.servlet.resource.ResourceHttpRequestHandler]
2018-12-17 21:58:58.597  INFO 2980 --- [main] s.w.s.m.m.a.RequestMappingHandlerAdapter : Looking for @ControllerAdvice: org.springframework.boot.web.servlet.context.AnnotationConfigServletWebServerApplicationContext@c267ef4: startup date [Mon Dec 17 21:58:55 CST 2018]; root of context hierarchy
2018-12-17 21:58:58.640  INFO 2980 --- [main] s.w.s.m.m.a.RequestMappingHandlerMapping : Mapped "{[/hello]}" onto public java.lang.String com.example.controller.HelloWorldController.index()
2018-12-17 21:58:58.642  INFO 2980 --- [main] s.w.s.m.m.a.RequestMappingHandlerMapping : Mapped "{[/addUser]}" onto public int com.example.controller.HelloWorldController.addUser(com.example.model.User)
2018-12-17 21:58:58.642  INFO 2980 --- [main] s.w.s.m.m.a.RequestMappingHandlerMapping : Mapped "{[/hello1]}" onto public java.lang.String com.example.controller.HelloWorldController.setcache()
2018-12-17 21:58:58.642  INFO 2980 --- [main] s.w.s.m.m.a.RequestMappingHandlerMapping : Mapped "{[/hello2]}" onto public java.lang.String com.example.controller.HelloWorldController.getcache()
2018-12-17 21:58:58.643  INFO 2980 --- [main] s.w.s.m.m.a.RequestMappingHandlerMapping : Mapped "{[/auth/index],methods=[GET]}" onto public java.lang.String com.example.controller.LoginController.loginSuccessMessage(javax.servlet.http.HttpServletRequest)
2018-12-17 21:58:58.643  INFO 2980 --- [main] s.w.s.m.m.a.RequestMappingHandlerMapping : Mapped "{[/auth/login],methods=[GET]}" onto public java.lang.String com.example.controller.LoginController.loginPage()
2018-12-17 21:58:58.643  INFO 2980 --- [main] s.w.s.m.m.a.RequestMappingHandlerMapping : Mapped "{[/auth/kickout],methods=[GET]}" onto public java.lang.String com.example.controller.LoginController.kickOut()
2018-12-17 21:58:58.643  INFO 2980 --- [main] s.w.s.m.m.a.RequestMappingHandlerMapping : Mapped "{[/auth/login],methods=[POST]}" onto public java.lang.String com.example.controller.LoginController.submitLogin(java.lang.String,java.lang.String,javax.servlet.http.HttpServletRequest)
2018-12-17 21:58:58.646  INFO 2980 --- [main] s.w.s.m.m.a.RequestMappingHandlerMapping : Mapped "{[/error]}" onto public org.springframework.http.ResponseEntity<java.util.Map<java.lang.String, java.lang.Object>> org.springframework.boot.autoconfigure.web.servlet.error.BasicErrorController.error(javax.servlet.http.HttpServletRequest)
2018-12-17 21:58:58.646  INFO 2980 --- [main] s.w.s.m.m.a.RequestMappingHandlerMapping : Mapped "{[/error],produces=[text/html]}" onto public org.springframework.web.servlet.ModelAndView org.springframework.boot.autoconfigure.web.servlet.error.BasicErrorController.errorHtml(javax.servlet.http.HttpServletRequest,javax.servlet.http.HttpServletResponse)
2018-12-17 21:58:58.674  INFO 2980 --- [main] o.s.w.s.handler.SimpleUrlHandlerMapping  : Mapped URL path [/webjars/**] onto handler of type [class org.springframework.web.servlet.resource.ResourceHttpRequestHandler]
2018-12-17 21:58:58.674  INFO 2980 --- [main] o.s.w.s.handler.SimpleUrlHandlerMapping  : Mapped URL path [/**] onto handler of type [class org.springframework.web.servlet.resource.ResourceHttpRequestHandler]
2018-12-17 21:58:58.688  INFO 2980 --- [main] .m.m.a.ExceptionHandlerExceptionResolver : Detected @ExceptionHandler methods in ctrlExceptionHandler
2018-12-17 21:58:59.148  INFO 2980 --- [main] com.example.demo.DemoApplication         : Started DemoApplication in 3.612 seconds (JVM running for 4.573)
2018-12-17 22:02:17.402  INFO 3936 --- [main] com.example.demo.DemoApplication         : Starting DemoApplication on DESKTOP-N2BRJI6 with PID 3936 (F:\SpringBoot\demo\target\classes started by 76739 in F:\SpringBoot\demo)
2018-12-17 22:02:17.406  INFO 3936 --- [main] com.example.demo.DemoApplication         : No active profile set, falling back to default profiles: default
2018-12-17 22:02:17.938  WARN 3936 --- [main] o.m.s.mapper.ClassPathMapperScanner      : Skipping MapperFactoryBean with name 'sysResourcesMapper' and 'com.example.mapper.test1.SysResourcesMapper' mapperInterface. Bean already defined with the same name!
2018-12-17 22:02:17.938  WARN 3936 --- [main] o.m.s.mapper.ClassPathMapperScanner      : Skipping MapperFactoryBean with name 'sysRoleMapper' and 'com.example.mapper.test1.SysRoleMapper' mapperInterface. Bean already defined with the same name!
2018-12-17 22:02:17.938  WARN 3936 --- [main] o.m.s.mapper.ClassPathMapperScanner      : Skipping MapperFactoryBean with name 'sysRoleResourcesMapper' and 'com.example.mapper.test1.SysRoleResourcesMapper' mapperInterface. Bean already defined with the same name!
2018-12-17 22:02:17.938  WARN 3936 --- [main] o.m.s.mapper.ClassPathMapperScanner      : Skipping MapperFactoryBean with name 'sysUserMapper' and 'com.example.mapper.test1.SysUserMapper' mapperInterface. Bean already defined with the same name!
2018-12-17 22:02:17.938  WARN 3936 --- [main] o.m.s.mapper.ClassPathMapperScanner      : Skipping MapperFactoryBean with name 'sysUserRoleMapper' and 'com.example.mapper.test1.SysUserRoleMapper' mapperInterface. Bean already defined with the same name!
2018-12-17 22:02:17.938  WARN 3936 --- [main] o.m.s.mapper.ClassPathMapperScanner      : Skipping MapperFactoryBean with name 'userMapper' and 'com.example.mapper.test1.UserMapper' mapperInterface. Bean already defined with the same name!
2018-12-17 22:02:17.938  WARN 3936 --- [main] o.m.s.mapper.ClassPathMapperScanner      : Skipping MapperFactoryBean with name 'sysUserMapper2' and 'com.example.mapper.test2.SysUserMapper2' mapperInterface. Bean already defined with the same name!
2018-12-17 22:02:17.938  WARN 3936 --- [main] o.m.s.mapper.ClassPathMapperScanner      : No MyBatis mapper was found in '[com.example.mapper]' package. Please check your configuration.
2018-12-17 22:02:19.488  INFO 3936 --- [main] o.apache.catalina.core.StandardService   : Starting service [Tomcat]
2018-12-17 22:02:19.489  INFO 3936 --- [main] org.apache.catalina.core.StandardEngine  : Starting Servlet Engine: Apache Tomcat/8.5.34
2018-12-17 22:02:19.493  INFO 3936 --- [localhost-startStop-1] o.a.catalina.core.AprLifecycleListener   : The APR based Apache Tomcat Native library which allows optimal performance in production environments was not found on the java.library.path: [C:\Program Files\Java\jdk1.8.0_181\bin;C:\WINDOWS\Sun\Java\bin;C:\WINDOWS\system32;C:\WINDOWS;C:\Program Files (x86)\Common Files\Oracle\Java\javapath;C:\Program Files\Java\jdk1.8.0_181\bin;C:\Program Files (x86)\Intel\iCLS Client\;C:\Program Files\Intel\iCLS Client\;C:\Windows\system32;C:\Windows;C:\Windows\System32\Wbem;C:\Windows\System32\WindowsPowerShell\v1.0\;C:\Program Files (x86)\NVIDIA Corporation\PhysX\Common;C:\Program Files (x86)\Intel\Intel(R) Management Engine Components\DAL;C:\Program Files\Intel\Intel(R) Management Engine Components\DAL;C:\Program Files (x86)\Intel\Intel(R) Management Engine Components\IPT;C:\Program Files\Intel\Intel(R) Management Engine Components\IPT;C:\WINDOWS\system32;C:\WINDOWS;C:\WINDOWS\System32\Wbem;C:\WINDOWS\System32\WindowsPowerShell\v1.0\;F:\Maven\apache-maven-3.5.4\bin\;C:\Program Files\MySQL\MySQL Server 5.7\bin;C:\Program Files\MySQL\MySQL Utilities 1.6\;C:\WINDOWS\System32\OpenSSH\;F:\Redis\;C:\Users\76739\AppData\Local\Microsoft\WindowsApps;;.]
2018-12-17 22:02:19.654  INFO 3936 --- [localhost-startStop-1] org.apache.jasper.servlet.TldScanner     : At least one JAR was scanned for TLDs yet contained no TLDs. Enable debug logging for this logger for a complete list of JARs that were scanned but no TLDs were found in them. Skipping unneeded JARs during scanning can improve startup time and JSP compilation time.
2018-12-17 22:02:19.657  INFO 3936 --- [localhost-startStop-1] o.a.c.c.C.[Tomcat].[localhost].[/]       : Initializing Spring embedded WebApplicationContext
2018-12-17 22:02:19.657  INFO 3936 --- [localhost-startStop-1] o.s.web.context.ContextLoader            : Root WebApplicationContext: initialization completed in 2206 ms
2018-12-17 22:02:20.183  INFO 3936 --- [main] o.s.w.s.handler.SimpleUrlHandlerMapping  : Mapped URL path [/**/favicon.ico] onto handler of type [class org.springframework.web.servlet.resource.ResourceHttpRequestHandler]
2018-12-17 22:02:20.438  INFO 3936 --- [main] s.w.s.m.m.a.RequestMappingHandlerAdapter : Looking for @ControllerAdvice: org.springframework.boot.web.servlet.context.AnnotationConfigServletWebServerApplicationContext@7f132176: startup date [Mon Dec 17 22:02:17 CST 2018]; root of context hierarchy
2018-12-17 22:02:20.488  INFO 3936 --- [main] s.w.s.m.m.a.RequestMappingHandlerMapping : Mapped "{[/hello]}" onto public java.lang.String com.example.controller.HelloWorldController.index()
2018-12-17 22:02:20.490  INFO 3936 --- [main] s.w.s.m.m.a.RequestMappingHandlerMapping : Mapped "{[/addUser]}" onto public int com.example.controller.HelloWorldController.addUser(com.example.model.User)
2018-12-17 22:02:20.490  INFO 3936 --- [main] s.w.s.m.m.a.RequestMappingHandlerMapping : Mapped "{[/hello2]}" onto public java.lang.String com.example.controller.HelloWorldController.getcache()
2018-12-17 22:02:20.490  INFO 3936 --- [main] s.w.s.m.m.a.RequestMappingHandlerMapping : Mapped "{[/hello1]}" onto public java.lang.String com.example.controller.HelloWorldController.setcache()
2018-12-17 22:02:20.491  INFO 3936 --- [main] s.w.s.m.m.a.RequestMappingHandlerMapping : Mapped "{[/auth/login],methods=[GET]}" onto public java.lang.String com.example.controller.LoginController.loginPage()
2018-12-17 22:02:20.491  INFO 3936 --- [main] s.w.s.m.m.a.RequestMappingHandlerMapping : Mapped "{[/auth/kickout],methods=[GET]}" onto public java.lang.String com.example.controller.LoginController.kickOut()
2018-12-17 22:02:20.491  INFO 3936 --- [main] s.w.s.m.m.a.RequestMappingHandlerMapping : Mapped "{[/auth/login],methods=[POST]}" onto public java.lang.String com.example.controller.LoginController.submitLogin(java.lang.String,java.lang.String,javax.servlet.http.HttpServletRequest)
2018-12-17 22:02:20.491  INFO 3936 --- [main] s.w.s.m.m.a.RequestMappingHandlerMapping : Mapped "{[/auth/index],methods=[GET]}" onto public java.lang.String com.example.controller.LoginController.loginSuccessMessage(javax.servlet.http.HttpServletRequest)
2018-12-17 22:02:20.495  INFO 3936 --- [main] s.w.s.m.m.a.RequestMappingHandlerMapping : Mapped "{[/error]}" onto public org.springframework.http.ResponseEntity<java.util.Map<java.lang.String, java.lang.Object>> org.springframework.boot.autoconfigure.web.servlet.error.BasicErrorController.error(javax.servlet.http.HttpServletRequest)
2018-12-17 22:02:20.496  INFO 3936 --- [main] s.w.s.m.m.a.RequestMappingHandlerMapping : Mapped "{[/error],produces=[text/html]}" onto public org.springframework.web.servlet.ModelAndView org.springframework.boot.autoconfigure.web.servlet.error.BasicErrorController.errorHtml(javax.servlet.http.HttpServletRequest,javax.servlet.http.HttpServletResponse)
2018-12-17 22:02:20.534  INFO 3936 --- [main] o.s.w.s.handler.SimpleUrlHandlerMapping  : Mapped URL path [/webjars/**] onto handler of type [class org.springframework.web.servlet.resource.ResourceHttpRequestHandler]
2018-12-17 22:02:20.534  INFO 3936 --- [main] o.s.w.s.handler.SimpleUrlHandlerMapping  : Mapped URL path [/**] onto handler of type [class org.springframework.web.servlet.resource.ResourceHttpRequestHandler]
2018-12-17 22:02:20.553  INFO 3936 --- [main] .m.m.a.ExceptionHandlerExceptionResolver : Detected @ExceptionHandler methods in ctrlExceptionHandler
2018-12-17 22:02:21.118  INFO 3936 --- [main] com.example.demo.DemoApplication         : Started DemoApplication in 3.965 seconds (JVM running for 4.973)
2018-12-17 22:02:35.731  INFO 3936 --- [http-nio-8080-exec-2] o.a.c.c.C.[Tomcat].[localhost].[/]       : Initializing Spring FrameworkServlet 'dispatcherServlet'
2018-12-17 22:02:35.731  INFO 3936 --- [http-nio-8080-exec-2] o.s.web.servlet.DispatcherServlet        : FrameworkServlet 'dispatcherServlet': initialization started
2018-12-17 22:02:35.749  INFO 3936 --- [http-nio-8080-exec-2] o.s.web.servlet.DispatcherServlet        : FrameworkServlet 'dispatcherServlet': initialization completed in 18 ms
2018-12-17 22:02:35.782  INFO 3936 --- [http-nio-8080-exec-2] a.s.s.m.AbstractValidatingSessionManager : Enabling session validation scheduler...
2018-12-17 22:02:41.685  INFO 3936 --- [http-nio-8080-exec-1] com.example.Configuration.MyShiroRealm   : ---------------- 执行 Shiro 凭证认证 ----------------------
2018-12-17 22:02:46.918  INFO 3936 --- [http-nio-8080-exec-1] com.zaxxer.hikari.HikariDataSource       : HikariPool-1 - Starting...
2018-12-17 22:02:47.251  INFO 3936 --- [http-nio-8080-exec-1] com.zaxxer.hikari.HikariDataSource       : HikariPool-1 - Start completed.
2018-12-17 22:02:47.298 DEBUG 3936 --- [http-nio-8080-exec-1] c.e.m.test1.SysUserMapper.getByUser      : ==>  Preparing: select id, user_name, pass_word, user_enable from sys_user WHERE user_name = ? 
2018-12-17 22:02:47.499 DEBUG 3936 --- [http-nio-8080-exec-1] c.e.m.test1.SysUserMapper.getByUser      : ==> Parameters: admin1(String)
2018-12-17 22:02:47.652 DEBUG 3936 --- [http-nio-8080-exec-1] c.e.m.test1.SysUserMapper.getByUser      : <==      Total: 1
2018-12-17 22:02:47.659  INFO 3936 --- [http-nio-8080-exec-1] com.zaxxer.hikari.HikariDataSource       : HikariPool-2 - Starting...
2018-12-17 22:02:47.680  INFO 3936 --- [http-nio-8080-exec-1] com.zaxxer.hikari.HikariDataSource       : HikariPool-2 - Start completed.
2018-12-17 22:02:47.681 DEBUG 3936 --- [http-nio-8080-exec-1] c.e.m.test2.SysUserMapper2.getByUser     : ==>  Preparing: select * from sys_user where user_name = ? and pass_word = ? 
2018-12-17 22:02:47.682 DEBUG 3936 --- [http-nio-8080-exec-1] c.e.m.test2.SysUserMapper2.getByUser     : ==> Parameters: admin1(String), (String)
2018-12-17 22:02:47.684 DEBUG 3936 --- [http-nio-8080-exec-1] c.e.m.test2.SysUserMapper2.getByUser     : <==      Total: 0
2018-12-17 23:00:50.981  WARN 3936 --- [HikariPool-2 housekeeper] com.zaxxer.hikari.pool.HikariPool        : HikariPool-2 - Thread starvation or clock leap detected (housekeeper delta=58m3s167ms627µs823ns).
2018-12-17 23:00:50.981  WARN 3936 --- [HikariPool-1 housekeeper] com.zaxxer.hikari.pool.HikariPool        : HikariPool-1 - Thread starvation or clock leap detected (housekeeper delta=58m3s628ms970µs652ns).
2018-12-17 23:00:57.264  INFO 5832 --- [main] com.example.demo.DemoApplication         : Starting DemoApplication on DESKTOP-N2BRJI6 with PID 5832 (F:\SpringBoot\demo\target\classes started by 76739 in F:\SpringBoot\demo)
2018-12-17 23:00:57.266  INFO 5832 --- [main] com.example.demo.DemoApplication         : No active profile set, falling back to default profiles: default
2018-12-17 23:00:57.705  WARN 5832 --- [main] o.m.s.mapper.ClassPathMapperScanner      : Skipping MapperFactoryBean with name 'sysResourcesMapper' and 'com.example.mapper.test1.SysResourcesMapper' mapperInterface. Bean already defined with the same name!
2018-12-17 23:00:57.706  WARN 5832 --- [main] o.m.s.mapper.ClassPathMapperScanner      : Skipping MapperFactoryBean with name 'sysRoleMapper' and 'com.example.mapper.test1.SysRoleMapper' mapperInterface. Bean already defined with the same name!
2018-12-17 23:00:57.706  WARN 5832 --- [main] o.m.s.mapper.ClassPathMapperScanner      : Skipping MapperFactoryBean with name 'sysRoleResourcesMapper' and 'com.example.mapper.test1.SysRoleResourcesMapper' mapperInterface. Bean already defined with the same name!
2018-12-17 23:00:57.706  WARN 5832 --- [main] o.m.s.mapper.ClassPathMapperScanner      : Skipping MapperFactoryBean with name 'sysUserMapper' and 'com.example.mapper.test1.SysUserMapper' mapperInterface. Bean already defined with the same name!
2018-12-17 23:00:57.706  WARN 5832 --- [main] o.m.s.mapper.ClassPathMapperScanner      : Skipping MapperFactoryBean with name 'sysUserRoleMapper' and 'com.example.mapper.test1.SysUserRoleMapper' mapperInterface. Bean already defined with the same name!
2018-12-17 23:00:57.706  WARN 5832 --- [main] o.m.s.mapper.ClassPathMapperScanner      : Skipping MapperFactoryBean with name 'userMapper' and 'com.example.mapper.test1.UserMapper' mapperInterface. Bean already defined with the same name!
2018-12-17 23:00:57.706  WARN 5832 --- [main] o.m.s.mapper.ClassPathMapperScanner      : Skipping MapperFactoryBean with name 'sysUserMapper2' and 'com.example.mapper.test2.SysUserMapper2' mapperInterface. Bean already defined with the same name!
2018-12-17 23:00:57.706  WARN 5832 --- [main] o.m.s.mapper.ClassPathMapperScanner      : No MyBatis mapper was found in '[com.example.mapper]' package. Please check your configuration.
2018-12-17 23:00:59.090  INFO 5832 --- [main] o.apache.catalina.core.StandardService   : Starting service [Tomcat]
2018-12-17 23:00:59.091  INFO 5832 --- [main] org.apache.catalina.core.StandardEngine  : Starting Servlet Engine: Apache Tomcat/8.5.34
2018-12-17 23:00:59.095  INFO 5832 --- [localhost-startStop-1] o.a.catalina.core.AprLifecycleListener   : The APR based Apache Tomcat Native library which allows optimal performance in production environments was not found on the java.library.path: [C:\Program Files\Java\jdk1.8.0_181\bin;C:\WINDOWS\Sun\Java\bin;C:\WINDOWS\system32;C:\WINDOWS;C:\Program Files (x86)\Common Files\Oracle\Java\javapath;C:\Program Files\Java\jdk1.8.0_181\bin;C:\Program Files (x86)\Intel\iCLS Client\;C:\Program Files\Intel\iCLS Client\;C:\Windows\system32;C:\Windows;C:\Windows\System32\Wbem;C:\Windows\System32\WindowsPowerShell\v1.0\;C:\Program Files (x86)\NVIDIA Corporation\PhysX\Common;C:\Program Files (x86)\Intel\Intel(R) Management Engine Components\DAL;C:\Program Files\Intel\Intel(R) Management Engine Components\DAL;C:\Program Files (x86)\Intel\Intel(R) Management Engine Components\IPT;C:\Program Files\Intel\Intel(R) Management Engine Components\IPT;C:\WINDOWS\system32;C:\WINDOWS;C:\WINDOWS\System32\Wbem;C:\WINDOWS\System32\WindowsPowerShell\v1.0\;F:\Maven\apache-maven-3.5.4\bin\;C:\Program Files\MySQL\MySQL Server 5.7\bin;C:\Program Files\MySQL\MySQL Utilities 1.6\;C:\WINDOWS\System32\OpenSSH\;F:\Redis\;C:\Users\76739\AppData\Local\Microsoft\WindowsApps;;.]
2018-12-17 23:00:59.250  INFO 5832 --- [localhost-startStop-1] org.apache.jasper.servlet.TldScanner     : At least one JAR was scanned for TLDs yet contained no TLDs. Enable debug logging for this logger for a complete list of JARs that were scanned but no TLDs were found in them. Skipping unneeded JARs during scanning can improve startup time and JSP compilation time.
2018-12-17 23:00:59.252  INFO 5832 --- [localhost-startStop-1] o.a.c.c.C.[Tomcat].[localhost].[/]       : Initializing Spring embedded WebApplicationContext
2018-12-17 23:00:59.252  INFO 5832 --- [localhost-startStop-1] o.s.web.context.ContextLoader            : Root WebApplicationContext: initialization completed in 1946 ms
2018-12-17 23:00:59.772  INFO 5832 --- [main] o.s.w.s.handler.SimpleUrlHandlerMapping  : Mapped URL path [/**/favicon.ico] onto handler of type [class org.springframework.web.servlet.resource.ResourceHttpRequestHandler]
2018-12-17 23:01:00.041  INFO 5832 --- [main] s.w.s.m.m.a.RequestMappingHandlerAdapter : Looking for @ControllerAdvice: org.springframework.boot.web.servlet.context.AnnotationConfigServletWebServerApplicationContext@53f6fd09: startup date [Mon Dec 17 23:00:57 CST 2018]; root of context hierarchy
2018-12-17 23:01:00.091  INFO 5832 --- [main] s.w.s.m.m.a.RequestMappingHandlerMapping : Mapped "{[/hello]}" onto public java.lang.String com.example.controller.HelloWorldController.index()
2018-12-17 23:01:00.093  INFO 5832 --- [main] s.w.s.m.m.a.RequestMappingHandlerMapping : Mapped "{[/addUser]}" onto public int com.example.controller.HelloWorldController.addUser(com.example.model.User)
2018-12-17 23:01:00.094  INFO 5832 --- [main] s.w.s.m.m.a.RequestMappingHandlerMapping : Mapped "{[/hello1]}" onto public java.lang.String com.example.controller.HelloWorldController.setcache()
2018-12-17 23:01:00.094  INFO 5832 --- [main] s.w.s.m.m.a.RequestMappingHandlerMapping : Mapped "{[/hello2]}" onto public java.lang.String com.example.controller.HelloWorldController.getcache()
2018-12-17 23:01:00.095  INFO 5832 --- [main] s.w.s.m.m.a.RequestMappingHandlerMapping : Mapped "{[/auth/index],methods=[GET]}" onto public java.lang.String com.example.controller.LoginController.loginSuccessMessage(javax.servlet.http.HttpServletRequest)
2018-12-17 23:01:00.095  INFO 5832 --- [main] s.w.s.m.m.a.RequestMappingHandlerMapping : Mapped "{[/auth/login],methods=[GET]}" onto public java.lang.String com.example.controller.LoginController.loginPage()
2018-12-17 23:01:00.095  INFO 5832 --- [main] s.w.s.m.m.a.RequestMappingHandlerMapping : Mapped "{[/auth/kickout],methods=[GET]}" onto public java.lang.String com.example.controller.LoginController.kickOut()
2018-12-17 23:01:00.095  INFO 5832 --- [main] s.w.s.m.m.a.RequestMappingHandlerMapping : Mapped "{[/auth/login],methods=[POST]}" onto public java.lang.String com.example.controller.LoginController.submitLogin(java.lang.String,java.lang.String,javax.servlet.http.HttpServletRequest)
2018-12-17 23:01:00.098  INFO 5832 --- [main] s.w.s.m.m.a.RequestMappingHandlerMapping : Mapped "{[/error]}" onto public org.springframework.http.ResponseEntity<java.util.Map<java.lang.String, java.lang.Object>> org.springframework.boot.autoconfigure.web.servlet.error.BasicErrorController.error(javax.servlet.http.HttpServletRequest)
2018-12-17 23:01:00.098  INFO 5832 --- [main] s.w.s.m.m.a.RequestMappingHandlerMapping : Mapped "{[/error],produces=[text/html]}" onto public org.springframework.web.servlet.ModelAndView org.springframework.boot.autoconfigure.web.servlet.error.BasicErrorController.errorHtml(javax.servlet.http.HttpServletRequest,javax.servlet.http.HttpServletResponse)
2018-12-17 23:01:00.136  INFO 5832 --- [main] o.s.w.s.handler.SimpleUrlHandlerMapping  : Mapped URL path [/webjars/**] onto handler of type [class org.springframework.web.servlet.resource.ResourceHttpRequestHandler]
2018-12-17 23:01:00.136  INFO 5832 --- [main] o.s.w.s.handler.SimpleUrlHandlerMapping  : Mapped URL path [/**] onto handler of type [class org.springframework.web.servlet.resource.ResourceHttpRequestHandler]
2018-12-17 23:01:00.153  INFO 5832 --- [main] .m.m.a.ExceptionHandlerExceptionResolver : Detected @ExceptionHandler methods in ctrlExceptionHandler
2018-12-17 23:01:00.687  INFO 5832 --- [main] com.example.demo.DemoApplication         : Started DemoApplication in 3.732 seconds (JVM running for 4.449)
2018-12-17 23:06:15.229  INFO 12976 --- [main] com.example.demo.DemoApplication         : Starting DemoApplication on DESKTOP-N2BRJI6 with PID 12976 (F:\SpringBoot\demo\target\classes started by 76739 in F:\SpringBoot\demo)
2018-12-17 23:06:15.232  INFO 12976 --- [main] com.example.demo.DemoApplication         : No active profile set, falling back to default profiles: default
2018-12-17 23:06:15.654  WARN 12976 --- [main] o.m.s.mapper.ClassPathMapperScanner      : Skipping MapperFactoryBean with name 'sysResourcesMapper' and 'com.example.mapper.test1.SysResourcesMapper' mapperInterface. Bean already defined with the same name!
2018-12-17 23:06:15.654  WARN 12976 --- [main] o.m.s.mapper.ClassPathMapperScanner      : Skipping MapperFactoryBean with name 'sysRoleMapper' and 'com.example.mapper.test1.SysRoleMapper' mapperInterface. Bean already defined with the same name!
2018-12-17 23:06:15.654  WARN 12976 --- [main] o.m.s.mapper.ClassPathMapperScanner      : Skipping MapperFactoryBean with name 'sysRoleResourcesMapper' and 'com.example.mapper.test1.SysRoleResourcesMapper' mapperInterface. Bean already defined with the same name!
2018-12-17 23:06:15.654  WARN 12976 --- [main] o.m.s.mapper.ClassPathMapperScanner      : Skipping MapperFactoryBean with name 'sysUserMapper' and 'com.example.mapper.test1.SysUserMapper' mapperInterface. Bean already defined with the same name!
2018-12-17 23:06:15.655  WARN 12976 --- [main] o.m.s.mapper.ClassPathMapperScanner      : Skipping MapperFactoryBean with name 'sysUserRoleMapper' and 'com.example.mapper.test1.SysUserRoleMapper' mapperInterface. Bean already defined with the same name!
2018-12-17 23:06:15.655  WARN 12976 --- [main] o.m.s.mapper.ClassPathMapperScanner      : Skipping MapperFactoryBean with name 'userMapper' and 'com.example.mapper.test1.UserMapper' mapperInterface. Bean already defined with the same name!
2018-12-17 23:06:15.655  WARN 12976 --- [main] o.m.s.mapper.ClassPathMapperScanner      : Skipping MapperFactoryBean with name 'sysUserMapper2' and 'com.example.mapper.test2.SysUserMapper2' mapperInterface. Bean already defined with the same name!
2018-12-17 23:06:15.655  WARN 12976 --- [main] o.m.s.mapper.ClassPathMapperScanner      : No MyBatis mapper was found in '[com.example.mapper]' package. Please check your configuration.
2018-12-17 23:06:16.996  INFO 12976 --- [main] o.apache.catalina.core.StandardService   : Starting service [Tomcat]
2018-12-17 23:06:16.997  INFO 12976 --- [main] org.apache.catalina.core.StandardEngine  : Starting Servlet Engine: Apache Tomcat/8.5.34
2018-12-17 23:06:17.000  INFO 12976 --- [localhost-startStop-1] o.a.catalina.core.AprLifecycleListener   : The APR based Apache Tomcat Native library which allows optimal performance in production environments was not found on the java.library.path: [C:\Program Files\Java\jdk1.8.0_181\bin;C:\WINDOWS\Sun\Java\bin;C:\WINDOWS\system32;C:\WINDOWS;C:\Program Files (x86)\Common Files\Oracle\Java\javapath;C:\Program Files\Java\jdk1.8.0_181\bin;C:\Program Files (x86)\Intel\iCLS Client\;C:\Program Files\Intel\iCLS Client\;C:\Windows\system32;C:\Windows;C:\Windows\System32\Wbem;C:\Windows\System32\WindowsPowerShell\v1.0\;C:\Program Files (x86)\NVIDIA Corporation\PhysX\Common;C:\Program Files (x86)\Intel\Intel(R) Management Engine Components\DAL;C:\Program Files\Intel\Intel(R) Management Engine Components\DAL;C:\Program Files (x86)\Intel\Intel(R) Management Engine Components\IPT;C:\Program Files\Intel\Intel(R) Management Engine Components\IPT;C:\WINDOWS\system32;C:\WINDOWS;C:\WINDOWS\System32\Wbem;C:\WINDOWS\System32\WindowsPowerShell\v1.0\;F:\Maven\apache-maven-3.5.4\bin\;C:\Program Files\MySQL\MySQL Server 5.7\bin;C:\Program Files\MySQL\MySQL Utilities 1.6\;C:\WINDOWS\System32\OpenSSH\;F:\Redis\;C:\Users\76739\AppData\Local\Microsoft\WindowsApps;;.]
2018-12-17 23:06:17.156  INFO 12976 --- [localhost-startStop-1] org.apache.jasper.servlet.TldScanner     : At least one JAR was scanned for TLDs yet contained no TLDs. Enable debug logging for this logger for a complete list of JARs that were scanned but no TLDs were found in them. Skipping unneeded JARs during scanning can improve startup time and JSP compilation time.
2018-12-17 23:06:17.159  INFO 12976 --- [localhost-startStop-1] o.a.c.c.C.[Tomcat].[localhost].[/]       : Initializing Spring embedded WebApplicationContext
2018-12-17 23:06:17.159  INFO 12976 --- [localhost-startStop-1] o.s.web.context.ContextLoader            : Root WebApplicationContext: initialization completed in 1886 ms
2018-12-17 23:06:17.661  INFO 12976 --- [main] o.s.w.s.handler.SimpleUrlHandlerMapping  : Mapped URL path [/**/favicon.ico] onto handler of type [class org.springframework.web.servlet.resource.ResourceHttpRequestHandler]
2018-12-17 23:06:17.948  INFO 12976 --- [main] s.w.s.m.m.a.RequestMappingHandlerAdapter : Looking for @ControllerAdvice: org.springframework.boot.web.servlet.context.AnnotationConfigServletWebServerApplicationContext@7d9e8ef7: startup date [Mon Dec 17 23:06:15 CST 2018]; root of context hierarchy
2018-12-17 23:06:18.007  INFO 12976 --- [main] s.w.s.m.m.a.RequestMappingHandlerMapping : Mapped "{[/hello]}" onto public java.lang.String com.example.controller.HelloWorldController.index()
2018-12-17 23:06:18.008  INFO 12976 --- [main] s.w.s.m.m.a.RequestMappingHandlerMapping : Mapped "{[/addUser]}" onto public int com.example.controller.HelloWorldController.addUser(com.example.model.User)
2018-12-17 23:06:18.009  INFO 12976 --- [main] s.w.s.m.m.a.RequestMappingHandlerMapping : Mapped "{[/hello1]}" onto public java.lang.String com.example.controller.HelloWorldController.setcache()
2018-12-17 23:06:18.009  INFO 12976 --- [main] s.w.s.m.m.a.RequestMappingHandlerMapping : Mapped "{[/hello2]}" onto public java.lang.String com.example.controller.HelloWorldController.getcache()
2018-12-17 23:06:18.010  INFO 12976 --- [main] s.w.s.m.m.a.RequestMappingHandlerMapping : Mapped "{[/auth/index],methods=[GET]}" onto public java.lang.String com.example.controller.LoginController.loginSuccessMessage(javax.servlet.http.HttpServletRequest)
2018-12-17 23:06:18.010  INFO 12976 --- [main] s.w.s.m.m.a.RequestMappingHandlerMapping : Mapped "{[/auth/kickout],methods=[GET]}" onto public java.lang.String com.example.controller.LoginController.kickOut()
2018-12-17 23:06:18.011  INFO 12976 --- [main] s.w.s.m.m.a.RequestMappingHandlerMapping : Mapped "{[/auth/login],methods=[POST]}" onto public java.lang.String com.example.controller.LoginController.submitLogin(java.lang.String,java.lang.String,javax.servlet.http.HttpServletRequest)
2018-12-17 23:06:18.011  INFO 12976 --- [main] s.w.s.m.m.a.RequestMappingHandlerMapping : Mapped "{[/auth/login],methods=[GET]}" onto public java.lang.String com.example.controller.LoginController.loginPage()
2018-12-17 23:06:18.014  INFO 12976 --- [main] s.w.s.m.m.a.RequestMappingHandlerMapping : Mapped "{[/error]}" onto public org.springframework.http.ResponseEntity<java.util.Map<java.lang.String, java.lang.Object>> org.springframework.boot.autoconfigure.web.servlet.error.BasicErrorController.error(javax.servlet.http.HttpServletRequest)
2018-12-17 23:06:18.014  INFO 12976 --- [main] s.w.s.m.m.a.RequestMappingHandlerMapping : Mapped "{[/error],produces=[text/html]}" onto public org.springframework.web.servlet.ModelAndView org.springframework.boot.autoconfigure.web.servlet.error.BasicErrorController.errorHtml(javax.servlet.http.HttpServletRequest,javax.servlet.http.HttpServletResponse)
2018-12-17 23:06:18.052  INFO 12976 --- [main] o.s.w.s.handler.SimpleUrlHandlerMapping  : Mapped URL path [/webjars/**] onto handler of type [class org.springframework.web.servlet.resource.ResourceHttpRequestHandler]
2018-12-17 23:06:18.052  INFO 12976 --- [main] o.s.w.s.handler.SimpleUrlHandlerMapping  : Mapped URL path [/**] onto handler of type [class org.springframework.web.servlet.resource.ResourceHttpRequestHandler]
2018-12-17 23:06:18.068  INFO 12976 --- [main] .m.m.a.ExceptionHandlerExceptionResolver : Detected @ExceptionHandler methods in ctrlExceptionHandler
2018-12-17 23:06:18.612  INFO 12976 --- [main] com.example.demo.DemoApplication         : Started DemoApplication in 3.701 seconds (JVM running for 4.337)
2018-12-17 23:06:30.473  INFO 10216 --- [main] com.example.demo.DemoApplication         : Starting DemoApplication on DESKTOP-N2BRJI6 with PID 10216 (F:\SpringBoot\demo\target\classes started by 76739 in F:\SpringBoot\demo)
2018-12-17 23:06:30.475  INFO 10216 --- [main] com.example.demo.DemoApplication         : No active profile set, falling back to default profiles: default
2018-12-17 23:06:30.879  WARN 10216 --- [main] o.m.s.mapper.ClassPathMapperScanner      : Skipping MapperFactoryBean with name 'sysResourcesMapper' and 'com.example.mapper.test1.SysResourcesMapper' mapperInterface. Bean already defined with the same name!
2018-12-17 23:06:30.880  WARN 10216 --- [main] o.m.s.mapper.ClassPathMapperScanner      : Skipping MapperFactoryBean with name 'sysRoleMapper' and 'com.example.mapper.test1.SysRoleMapper' mapperInterface. Bean already defined with the same name!
2018-12-17 23:06:30.880  WARN 10216 --- [main] o.m.s.mapper.ClassPathMapperScanner      : Skipping MapperFactoryBean with name 'sysRoleResourcesMapper' and 'com.example.mapper.test1.SysRoleResourcesMapper' mapperInterface. Bean already defined with the same name!
2018-12-17 23:06:30.880  WARN 10216 --- [main] o.m.s.mapper.ClassPathMapperScanner      : Skipping MapperFactoryBean with name 'sysUserMapper' and 'com.example.mapper.test1.SysUserMapper' mapperInterface. Bean already defined with the same name!
2018-12-17 23:06:30.880  WARN 10216 --- [main] o.m.s.mapper.ClassPathMapperScanner      : Skipping MapperFactoryBean with name 'sysUserRoleMapper' and 'com.example.mapper.test1.SysUserRoleMapper' mapperInterface. Bean already defined with the same name!
2018-12-17 23:06:30.880  WARN 10216 --- [main] o.m.s.mapper.ClassPathMapperScanner      : Skipping MapperFactoryBean with name 'userMapper' and 'com.example.mapper.test1.UserMapper' mapperInterface. Bean already defined with the same name!
2018-12-17 23:06:30.880  WARN 10216 --- [main] o.m.s.mapper.ClassPathMapperScanner      : Skipping MapperFactoryBean with name 'sysUserMapper2' and 'com.example.mapper.test2.SysUserMapper2' mapperInterface. Bean already defined with the same name!
2018-12-17 23:06:30.880  WARN 10216 --- [main] o.m.s.mapper.ClassPathMapperScanner      : No MyBatis mapper was found in '[com.example.mapper]' package. Please check your configuration.
2018-12-17 23:06:32.223  INFO 10216 --- [main] o.apache.catalina.core.StandardService   : Starting service [Tomcat]
2018-12-17 23:06:32.224  INFO 10216 --- [main] org.apache.catalina.core.StandardEngine  : Starting Servlet Engine: Apache Tomcat/8.5.34
2018-12-17 23:06:32.227  INFO 10216 --- [localhost-startStop-1] o.a.catalina.core.AprLifecycleListener   : The APR based Apache Tomcat Native library which allows optimal performance in production environments was not found on the java.library.path: [C:\Program Files\Java\jdk1.8.0_181\bin;C:\WINDOWS\Sun\Java\bin;C:\WINDOWS\system32;C:\WINDOWS;C:\Program Files (x86)\Common Files\Oracle\Java\javapath;C:\Program Files\Java\jdk1.8.0_181\bin;C:\Program Files (x86)\Intel\iCLS Client\;C:\Program Files\Intel\iCLS Client\;C:\Windows\system32;C:\Windows;C:\Windows\System32\Wbem;C:\Windows\System32\WindowsPowerShell\v1.0\;C:\Program Files (x86)\NVIDIA Corporation\PhysX\Common;C:\Program Files (x86)\Intel\Intel(R) Management Engine Components\DAL;C:\Program Files\Intel\Intel(R) Management Engine Components\DAL;C:\Program Files (x86)\Intel\Intel(R) Management Engine Components\IPT;C:\Program Files\Intel\Intel(R) Management Engine Components\IPT;C:\WINDOWS\system32;C:\WINDOWS;C:\WINDOWS\System32\Wbem;C:\WINDOWS\System32\WindowsPowerShell\v1.0\;F:\Maven\apache-maven-3.5.4\bin\;C:\Program Files\MySQL\MySQL Server 5.7\bin;C:\Program Files\MySQL\MySQL Utilities 1.6\;C:\WINDOWS\System32\OpenSSH\;F:\Redis\;C:\Users\76739\AppData\Local\Microsoft\WindowsApps;;.]
2018-12-17 23:06:32.384  INFO 10216 --- [localhost-startStop-1] org.apache.jasper.servlet.TldScanner     : At least one JAR was scanned for TLDs yet contained no TLDs. Enable debug logging for this logger for a complete list of JARs that were scanned but no TLDs were found in them. Skipping unneeded JARs during scanning can improve startup time and JSP compilation time.
2018-12-17 23:06:32.386  INFO 10216 --- [localhost-startStop-1] o.a.c.c.C.[Tomcat].[localhost].[/]       : Initializing Spring embedded WebApplicationContext
2018-12-17 23:06:32.386  INFO 10216 --- [localhost-startStop-1] o.s.web.context.ContextLoader            : Root WebApplicationContext: initialization completed in 1871 ms
2018-12-17 23:06:32.889  INFO 10216 --- [main] o.s.w.s.handler.SimpleUrlHandlerMapping  : Mapped URL path [/**/favicon.ico] onto handler of type [class org.springframework.web.servlet.resource.ResourceHttpRequestHandler]
2018-12-17 23:06:33.128  INFO 10216 --- [main] s.w.s.m.m.a.RequestMappingHandlerAdapter : Looking for @ControllerAdvice: org.springframework.boot.web.servlet.context.AnnotationConfigServletWebServerApplicationContext@39a2bb97: startup date [Mon Dec 17 23:06:30 CST 2018]; root of context hierarchy
2018-12-17 23:06:33.179  INFO 10216 --- [main] s.w.s.m.m.a.RequestMappingHandlerMapping : Mapped "{[/hello]}" onto public java.lang.String com.example.controller.HelloWorldController.index()
2018-12-17 23:06:33.179  INFO 10216 --- [main] s.w.s.m.m.a.RequestMappingHandlerMapping : Mapped "{[/hello1]}" onto public java.lang.String com.example.controller.HelloWorldController.setcache()
2018-12-17 23:06:33.180  INFO 10216 --- [main] s.w.s.m.m.a.RequestMappingHandlerMapping : Mapped "{[/hello2]}" onto public java.lang.String com.example.controller.HelloWorldController.getcache()
2018-12-17 23:06:33.181  INFO 10216 --- [main] s.w.s.m.m.a.RequestMappingHandlerMapping : Mapped "{[/addUser]}" onto public int com.example.controller.HelloWorldController.addUser(com.example.model.User)
2018-12-17 23:06:33.182  INFO 10216 --- [main] s.w.s.m.m.a.RequestMappingHandlerMapping : Mapped "{[/auth/index],methods=[GET]}" onto public java.lang.String com.example.controller.LoginController.loginSuccessMessage(javax.servlet.http.HttpServletRequest)
2018-12-17 23:06:33.182  INFO 10216 --- [main] s.w.s.m.m.a.RequestMappingHandlerMapping : Mapped "{[/auth/kickout],methods=[GET]}" onto public java.lang.String com.example.controller.LoginController.kickOut()
2018-12-17 23:06:33.183  INFO 10216 --- [main] s.w.s.m.m.a.RequestMappingHandlerMapping : Mapped "{[/auth/login],methods=[POST]}" onto public java.lang.String com.example.controller.LoginController.submitLogin(java.lang.String,java.lang.String,javax.servlet.http.HttpServletRequest)
2018-12-17 23:06:33.183  INFO 10216 --- [main] s.w.s.m.m.a.RequestMappingHandlerMapping : Mapped "{[/auth/login],methods=[GET]}" onto public java.lang.String com.example.controller.LoginController.loginPage()
2018-12-17 23:06:33.186  INFO 10216 --- [main] s.w.s.m.m.a.RequestMappingHandlerMapping : Mapped "{[/error]}" onto public org.springframework.http.ResponseEntity<java.util.Map<java.lang.String, java.lang.Object>> org.springframework.boot.autoconfigure.web.servlet.error.BasicErrorController.error(javax.servlet.http.HttpServletRequest)
2018-12-17 23:06:33.187  INFO 10216 --- [main] s.w.s.m.m.a.RequestMappingHandlerMapping : Mapped "{[/error],produces=[text/html]}" onto public org.springframework.web.servlet.ModelAndView org.springframework.boot.autoconfigure.web.servlet.error.BasicErrorController.errorHtml(javax.servlet.http.HttpServletRequest,javax.servlet.http.HttpServletResponse)
2018-12-17 23:06:33.224  INFO 10216 --- [main] o.s.w.s.handler.SimpleUrlHandlerMapping  : Mapped URL path [/webjars/**] onto handler of type [class org.springframework.web.servlet.resource.ResourceHttpRequestHandler]
2018-12-17 23:06:33.224  INFO 10216 --- [main] o.s.w.s.handler.SimpleUrlHandlerMapping  : Mapped URL path [/**] onto handler of type [class org.springframework.web.servlet.resource.ResourceHttpRequestHandler]
2018-12-17 23:06:33.242  INFO 10216 --- [main] .m.m.a.ExceptionHandlerExceptionResolver : Detected @ExceptionHandler methods in ctrlExceptionHandler
2018-12-17 23:06:33.817  INFO 10216 --- [main] com.example.demo.DemoApplication         : Started DemoApplication in 3.641 seconds (JVM running for 4.269)
2018-12-17 23:07:11.571  INFO 10216 --- [http-nio-8080-exec-1] o.a.c.c.C.[Tomcat].[localhost].[/]       : Initializing Spring FrameworkServlet 'dispatcherServlet'
2018-12-17 23:07:11.572  INFO 10216 --- [http-nio-8080-exec-1] o.s.web.servlet.DispatcherServlet        : FrameworkServlet 'dispatcherServlet': initialization started
2018-12-17 23:07:11.589  INFO 10216 --- [http-nio-8080-exec-1] o.s.web.servlet.DispatcherServlet        : FrameworkServlet 'dispatcherServlet': initialization completed in 17 ms
2018-12-17 23:07:11.603  INFO 10216 --- [http-nio-8080-exec-1] a.s.s.m.AbstractValidatingSessionManager : Enabling session validation scheduler...
2018-12-17 23:08:14.248  INFO 12340 --- [main] com.example.demo.DemoApplication         : Starting DemoApplication on DESKTOP-N2BRJI6 with PID 12340 (F:\SpringBoot\demo\target\classes started by 76739 in F:\SpringBoot\demo)
2018-12-17 23:08:14.251  INFO 12340 --- [main] com.example.demo.DemoApplication         : No active profile set, falling back to default profiles: default
2018-12-17 23:08:14.667  WARN 12340 --- [main] o.m.s.mapper.ClassPathMapperScanner      : Skipping MapperFactoryBean with name 'sysResourcesMapper' and 'com.example.mapper.test1.SysResourcesMapper' mapperInterface. Bean already defined with the same name!
2018-12-17 23:08:14.667  WARN 12340 --- [main] o.m.s.mapper.ClassPathMapperScanner      : Skipping MapperFactoryBean with name 'sysRoleMapper' and 'com.example.mapper.test1.SysRoleMapper' mapperInterface. Bean already defined with the same name!
2018-12-17 23:08:14.667  WARN 12340 --- [main] o.m.s.mapper.ClassPathMapperScanner      : Skipping MapperFactoryBean with name 'sysRoleResourcesMapper' and 'com.example.mapper.test1.SysRoleResourcesMapper' mapperInterface. Bean already defined with the same name!
2018-12-17 23:08:14.667  WARN 12340 --- [main] o.m.s.mapper.ClassPathMapperScanner      : Skipping MapperFactoryBean with name 'sysUserMapper' and 'com.example.mapper.test1.SysUserMapper' mapperInterface. Bean already defined with the same name!
2018-12-17 23:08:14.667  WARN 12340 --- [main] o.m.s.mapper.ClassPathMapperScanner      : Skipping MapperFactoryBean with name 'sysUserRoleMapper' and 'com.example.mapper.test1.SysUserRoleMapper' mapperInterface. Bean already defined with the same name!
2018-12-17 23:08:14.668  WARN 12340 --- [main] o.m.s.mapper.ClassPathMapperScanner      : Skipping MapperFactoryBean with name 'userMapper' and 'com.example.mapper.test1.UserMapper' mapperInterface. Bean already defined with the same name!
2018-12-17 23:08:14.668  WARN 12340 --- [main] o.m.s.mapper.ClassPathMapperScanner      : Skipping MapperFactoryBean with name 'sysUserMapper2' and 'com.example.mapper.test2.SysUserMapper2' mapperInterface. Bean already defined with the same name!
2018-12-17 23:08:14.668  WARN 12340 --- [main] o.m.s.mapper.ClassPathMapperScanner      : No MyBatis mapper was found in '[com.example.mapper]' package. Please check your configuration.
2018-12-17 23:08:16.073  INFO 12340 --- [main] o.apache.catalina.core.StandardService   : Starting service [Tomcat]
2018-12-17 23:08:16.073  INFO 12340 --- [main] org.apache.catalina.core.StandardEngine  : Starting Servlet Engine: Apache Tomcat/8.5.34
2018-12-17 23:08:16.076  INFO 12340 --- [localhost-startStop-1] o.a.catalina.core.AprLifecycleListener   : The APR based Apache Tomcat Native library which allows optimal performance in production environments was not found on the java.library.path: [C:\Program Files\Java\jdk1.8.0_181\bin;C:\WINDOWS\Sun\Java\bin;C:\WINDOWS\system32;C:\WINDOWS;C:\Program Files (x86)\Common Files\Oracle\Java\javapath;C:\Program Files\Java\jdk1.8.0_181\bin;C:\Program Files (x86)\Intel\iCLS Client\;C:\Program Files\Intel\iCLS Client\;C:\Windows\system32;C:\Windows;C:\Windows\System32\Wbem;C:\Windows\System32\WindowsPowerShell\v1.0\;C:\Program Files (x86)\NVIDIA Corporation\PhysX\Common;C:\Program Files (x86)\Intel\Intel(R) Management Engine Components\DAL;C:\Program Files\Intel\Intel(R) Management Engine Components\DAL;C:\Program Files (x86)\Intel\Intel(R) Management Engine Components\IPT;C:\Program Files\Intel\Intel(R) Management Engine Components\IPT;C:\WINDOWS\system32;C:\WINDOWS;C:\WINDOWS\System32\Wbem;C:\WINDOWS\System32\WindowsPowerShell\v1.0\;F:\Maven\apache-maven-3.5.4\bin\;C:\Program Files\MySQL\MySQL Server 5.7\bin;C:\Program Files\MySQL\MySQL Utilities 1.6\;C:\WINDOWS\System32\OpenSSH\;F:\Redis\;C:\Users\76739\AppData\Local\Microsoft\WindowsApps;;.]
2018-12-17 23:08:16.239  INFO 12340 --- [localhost-startStop-1] org.apache.jasper.servlet.TldScanner     : At least one JAR was scanned for TLDs yet contained no TLDs. Enable debug logging for this logger for a complete list of JARs that were scanned but no TLDs were found in them. Skipping unneeded JARs during scanning can improve startup time and JSP compilation time.
2018-12-17 23:08:16.241  INFO 12340 --- [localhost-startStop-1] o.a.c.c.C.[Tomcat].[localhost].[/]       : Initializing Spring embedded WebApplicationContext
2018-12-17 23:08:16.241  INFO 12340 --- [localhost-startStop-1] o.s.web.context.ContextLoader            : Root WebApplicationContext: initialization completed in 1951 ms
2018-12-17 23:08:16.739  INFO 12340 --- [main] o.s.w.s.handler.SimpleUrlHandlerMapping  : Mapped URL path [/**/favicon.ico] onto handler of type [class org.springframework.web.servlet.resource.ResourceHttpRequestHandler]
2018-12-17 23:08:16.986  INFO 12340 --- [main] s.w.s.m.m.a.RequestMappingHandlerAdapter : Looking for @ControllerAdvice: org.springframework.boot.web.servlet.context.AnnotationConfigServletWebServerApplicationContext@1608bcbd: startup date [Mon Dec 17 23:08:14 CST 2018]; root of context hierarchy
2018-12-17 23:08:17.035  INFO 12340 --- [main] s.w.s.m.m.a.RequestMappingHandlerMapping : Mapped "{[/hello]}" onto public java.lang.String com.example.controller.HelloWorldController.index()
2018-12-17 23:08:17.037  INFO 12340 --- [main] s.w.s.m.m.a.RequestMappingHandlerMapping : Mapped "{[/addUser]}" onto public int com.example.controller.HelloWorldController.addUser(com.example.model.User)
2018-12-17 23:08:17.037  INFO 12340 --- [main] s.w.s.m.m.a.RequestMappingHandlerMapping : Mapped "{[/hello2]}" onto public java.lang.String com.example.controller.HelloWorldController.getcache()
2018-12-17 23:08:17.037  INFO 12340 --- [main] s.w.s.m.m.a.RequestMappingHandlerMapping : Mapped "{[/hello1]}" onto public java.lang.String com.example.controller.HelloWorldController.setcache()
2018-12-17 23:08:17.038  INFO 12340 --- [main] s.w.s.m.m.a.RequestMappingHandlerMapping : Mapped "{[/auth/index],methods=[GET]}" onto public java.lang.String com.example.controller.LoginController.loginSuccessMessage(javax.servlet.http.HttpServletRequest)
2018-12-17 23:08:17.038  INFO 12340 --- [main] s.w.s.m.m.a.RequestMappingHandlerMapping : Mapped "{[/auth/kickout],methods=[GET]}" onto public java.lang.String com.example.controller.LoginController.kickOut()
2018-12-17 23:08:17.038  INFO 12340 --- [main] s.w.s.m.m.a.RequestMappingHandlerMapping : Mapped "{[/auth/login],methods=[POST]}" onto public java.lang.String com.example.controller.LoginController.submitLogin(java.lang.String,java.lang.String,javax.servlet.http.HttpServletRequest)
2018-12-17 23:08:17.038  INFO 12340 --- [main] s.w.s.m.m.a.RequestMappingHandlerMapping : Mapped "{[/auth/login],methods=[GET]}" onto public java.lang.String com.example.controller.LoginController.loginPage()
2018-12-17 23:08:17.042  INFO 12340 --- [main] s.w.s.m.m.a.RequestMappingHandlerMapping : Mapped "{[/error]}" onto public org.springframework.http.ResponseEntity<java.util.Map<java.lang.String, java.lang.Object>> org.springframework.boot.autoconfigure.web.servlet.error.BasicErrorController.error(javax.servlet.http.HttpServletRequest)
2018-12-17 23:08:17.042  INFO 12340 --- [main] s.w.s.m.m.a.RequestMappingHandlerMapping : Mapped "{[/error],produces=[text/html]}" onto public org.springframework.web.servlet.ModelAndView org.springframework.boot.autoconfigure.web.servlet.error.BasicErrorController.errorHtml(javax.servlet.http.HttpServletRequest,javax.servlet.http.HttpServletResponse)
2018-12-17 23:08:17.082  INFO 12340 --- [main] o.s.w.s.handler.SimpleUrlHandlerMapping  : Mapped URL path [/webjars/**] onto handler of type [class org.springframework.web.servlet.resource.ResourceHttpRequestHandler]
2018-12-17 23:08:17.082  INFO 12340 --- [main] o.s.w.s.handler.SimpleUrlHandlerMapping  : Mapped URL path [/**] onto handler of type [class org.springframework.web.servlet.resource.ResourceHttpRequestHandler]
2018-12-17 23:08:17.104  INFO 12340 --- [main] .m.m.a.ExceptionHandlerExceptionResolver : Detected @ExceptionHandler methods in ctrlExceptionHandler
2018-12-17 23:08:17.662  INFO 12340 --- [main] com.example.demo.DemoApplication         : Started DemoApplication in 3.753 seconds (JVM running for 4.43)
2018-12-17 23:08:19.772  INFO 12340 --- [http-nio-8080-exec-1] o.a.c.c.C.[Tomcat].[localhost].[/]       : Initializing Spring FrameworkServlet 'dispatcherServlet'
2018-12-17 23:08:19.773  INFO 12340 --- [http-nio-8080-exec-1] o.s.web.servlet.DispatcherServlet        : FrameworkServlet 'dispatcherServlet': initialization started
2018-12-17 23:08:19.789  INFO 12340 --- [http-nio-8080-exec-1] o.s.web.servlet.DispatcherServlet        : FrameworkServlet 'dispatcherServlet': initialization completed in 15 ms
2018-12-17 23:08:19.802  INFO 12340 --- [http-nio-8080-exec-1] a.s.s.m.AbstractValidatingSessionManager : Enabling session validation scheduler...
2018-12-17 23:09:35.680  INFO 8720 --- [main] com.example.demo.DemoApplication         : Starting DemoApplication on DESKTOP-N2BRJI6 with PID 8720 (F:\SpringBoot\demo\target\classes started by 76739 in F:\SpringBoot\demo)
2018-12-17 23:09:35.683  INFO 8720 --- [main] com.example.demo.DemoApplication         : No active profile set, falling back to default profiles: default
2018-12-17 23:09:36.183  WARN 8720 --- [main] o.m.s.mapper.ClassPathMapperScanner      : Skipping MapperFactoryBean with name 'sysResourcesMapper' and 'com.example.mapper.test1.SysResourcesMapper' mapperInterface. Bean already defined with the same name!
2018-12-17 23:09:36.184  WARN 8720 --- [main] o.m.s.mapper.ClassPathMapperScanner      : Skipping MapperFactoryBean with name 'sysRoleMapper' and 'com.example.mapper.test1.SysRoleMapper' mapperInterface. Bean already defined with the same name!
2018-12-17 23:09:36.184  WARN 8720 --- [main] o.m.s.mapper.ClassPathMapperScanner      : Skipping MapperFactoryBean with name 'sysRoleResourcesMapper' and 'com.example.mapper.test1.SysRoleResourcesMapper' mapperInterface. Bean already defined with the same name!
2018-12-17 23:09:36.184  WARN 8720 --- [main] o.m.s.mapper.ClassPathMapperScanner      : Skipping MapperFactoryBean with name 'sysUserMapper' and 'com.example.mapper.test1.SysUserMapper' mapperInterface. Bean already defined with the same name!
2018-12-17 23:09:36.184  WARN 8720 --- [main] o.m.s.mapper.ClassPathMapperScanner      : Skipping MapperFactoryBean with name 'sysUserRoleMapper' and 'com.example.mapper.test1.SysUserRoleMapper' mapperInterface. Bean already defined with the same name!
2018-12-17 23:09:36.184  WARN 8720 --- [main] o.m.s.mapper.ClassPathMapperScanner      : Skipping MapperFactoryBean with name 'userMapper' and 'com.example.mapper.test1.UserMapper' mapperInterface. Bean already defined with the same name!
2018-12-17 23:09:36.184  WARN 8720 --- [main] o.m.s.mapper.ClassPathMapperScanner      : Skipping MapperFactoryBean with name 'sysUserMapper2' and 'com.example.mapper.test2.SysUserMapper2' mapperInterface. Bean already defined with the same name!
2018-12-17 23:09:36.184  WARN 8720 --- [main] o.m.s.mapper.ClassPathMapperScanner      : No MyBatis mapper was found in '[com.example.mapper]' package. Please check your configuration.
2018-12-17 23:09:37.636  INFO 8720 --- [main] o.apache.catalina.core.StandardService   : Starting service [Tomcat]
2018-12-17 23:09:37.637  INFO 8720 --- [main] org.apache.catalina.core.StandardEngine  : Starting Servlet Engine: Apache Tomcat/8.5.34
2018-12-17 23:09:37.640  INFO 8720 --- [localhost-startStop-1] o.a.catalina.core.AprLifecycleListener   : The APR based Apache Tomcat Native library which allows optimal performance in production environments was not found on the java.library.path: [C:\Program Files\Java\jdk1.8.0_181\bin;C:\WINDOWS\Sun\Java\bin;C:\WINDOWS\system32;C:\WINDOWS;C:\Program Files (x86)\Common Files\Oracle\Java\javapath;C:\Program Files\Java\jdk1.8.0_181\bin;C:\Program Files (x86)\Intel\iCLS Client\;C:\Program Files\Intel\iCLS Client\;C:\Windows\system32;C:\Windows;C:\Windows\System32\Wbem;C:\Windows\System32\WindowsPowerShell\v1.0\;C:\Program Files (x86)\NVIDIA Corporation\PhysX\Common;C:\Program Files (x86)\Intel\Intel(R) Management Engine Components\DAL;C:\Program Files\Intel\Intel(R) Management Engine Components\DAL;C:\Program Files (x86)\Intel\Intel(R) Management Engine Components\IPT;C:\Program Files\Intel\Intel(R) Management Engine Components\IPT;C:\WINDOWS\system32;C:\WINDOWS;C:\WINDOWS\System32\Wbem;C:\WINDOWS\System32\WindowsPowerShell\v1.0\;F:\Maven\apache-maven-3.5.4\bin\;C:\Program Files\MySQL\MySQL Server 5.7\bin;C:\Program Files\MySQL\MySQL Utilities 1.6\;C:\WINDOWS\System32\OpenSSH\;F:\Redis\;C:\Users\76739\AppData\Local\Microsoft\WindowsApps;;.]
2018-12-17 23:09:37.800  INFO 8720 --- [localhost-startStop-1] org.apache.jasper.servlet.TldScanner     : At least one JAR was scanned for TLDs yet contained no TLDs. Enable debug logging for this logger for a complete list of JARs that were scanned but no TLDs were found in them. Skipping unneeded JARs during scanning can improve startup time and JSP compilation time.
2018-12-17 23:09:37.802  INFO 8720 --- [localhost-startStop-1] o.a.c.c.C.[Tomcat].[localhost].[/]       : Initializing Spring embedded WebApplicationContext
2018-12-17 23:09:37.802  INFO 8720 --- [localhost-startStop-1] o.s.web.context.ContextLoader            : Root WebApplicationContext: initialization completed in 2082 ms
2018-12-17 23:09:38.853  INFO 8720 --- [main] o.s.w.s.handler.SimpleUrlHandlerMapping  : Mapped URL path [/**/favicon.ico] onto handler of type [class org.springframework.web.servlet.resource.ResourceHttpRequestHandler]
2018-12-17 23:09:39.113  INFO 8720 --- [main] s.w.s.m.m.a.RequestMappingHandlerAdapter : Looking for @ControllerAdvice: org.springframework.boot.web.servlet.context.AnnotationConfigServletWebServerApplicationContext@31add175: startup date [Mon Dec 17 23:09:35 CST 2018]; root of context hierarchy
2018-12-17 23:09:39.164  INFO 8720 --- [main] s.w.s.m.m.a.RequestMappingHandlerMapping : Mapped "{[/hello]}" onto public java.lang.String com.example.controller.HelloWorldController.index()
2018-12-17 23:09:39.166  INFO 8720 --- [main] s.w.s.m.m.a.RequestMappingHandlerMapping : Mapped "{[/addUser]}" onto public int com.example.controller.HelloWorldController.addUser(com.example.model.User)
2018-12-17 23:09:39.167  INFO 8720 --- [main] s.w.s.m.m.a.RequestMappingHandlerMapping : Mapped "{[/hello1]}" onto public java.lang.String com.example.controller.HelloWorldController.setcache()
2018-12-17 23:09:39.167  INFO 8720 --- [main] s.w.s.m.m.a.RequestMappingHandlerMapping : Mapped "{[/hello2]}" onto public java.lang.String com.example.controller.HelloWorldController.getcache()
2018-12-17 23:09:39.167  INFO 8720 --- [main] s.w.s.m.m.a.RequestMappingHandlerMapping : Mapped "{[/auth/login],methods=[POST]}" onto public java.lang.String com.example.controller.LoginController.submitLogin(java.lang.String,java.lang.String,javax.servlet.http.HttpServletRequest)
2018-12-17 23:09:39.168  INFO 8720 --- [main] s.w.s.m.m.a.RequestMappingHandlerMapping : Mapped "{[/auth/login],methods=[GET]}" onto public java.lang.String com.example.controller.LoginController.loginPage()
2018-12-17 23:09:39.168  INFO 8720 --- [main] s.w.s.m.m.a.RequestMappingHandlerMapping : Mapped "{[/auth/kickout],methods=[GET]}" onto public java.lang.String com.example.controller.LoginController.kickOut()
2018-12-17 23:09:39.168  INFO 8720 --- [main] s.w.s.m.m.a.RequestMappingHandlerMapping : Mapped "{[/auth/index],methods=[GET]}" onto public java.lang.String com.example.controller.LoginController.loginSuccessMessage(javax.servlet.http.HttpServletRequest)
2018-12-17 23:09:39.171  INFO 8720 --- [main] s.w.s.m.m.a.RequestMappingHandlerMapping : Mapped "{[/error]}" onto public org.springframework.http.ResponseEntity<java.util.Map<java.lang.String, java.lang.Object>> org.springframework.boot.autoconfigure.web.servlet.error.BasicErrorController.error(javax.servlet.http.HttpServletRequest)
2018-12-17 23:09:39.172  INFO 8720 --- [main] s.w.s.m.m.a.RequestMappingHandlerMapping : Mapped "{[/error],produces=[text/html]}" onto public org.springframework.web.servlet.ModelAndView org.springframework.boot.autoconfigure.web.servlet.error.BasicErrorController.errorHtml(javax.servlet.http.HttpServletRequest,javax.servlet.http.HttpServletResponse)
2018-12-17 23:09:39.211  INFO 8720 --- [main] o.s.w.s.handler.SimpleUrlHandlerMapping  : Mapped URL path [/webjars/**] onto handler of type [class org.springframework.web.servlet.resource.ResourceHttpRequestHandler]
2018-12-17 23:09:39.211  INFO 8720 --- [main] o.s.w.s.handler.SimpleUrlHandlerMapping  : Mapped URL path [/**] onto handler of type [class org.springframework.web.servlet.resource.ResourceHttpRequestHandler]
2018-12-17 23:09:39.230  INFO 8720 --- [main] .m.m.a.ExceptionHandlerExceptionResolver : Detected @ExceptionHandler methods in ctrlExceptionHandler
2018-12-17 23:09:40.108  INFO 8720 --- [main] com.example.demo.DemoApplication         : Started DemoApplication in 4.737 seconds (JVM running for 5.476)
2018-12-17 23:09:40.695  INFO 8720 --- [RMI TCP Connection(4)-127.0.0.1] com.zaxxer.hikari.HikariDataSource       : HikariPool-1 - Starting...
2018-12-17 23:09:40.696  INFO 8720 --- [RMI TCP Connection(9)-127.0.0.1] o.a.c.c.C.[Tomcat].[localhost].[/]       : Initializing Spring FrameworkServlet 'dispatcherServlet'
2018-12-17 23:09:40.696  INFO 8720 --- [RMI TCP Connection(9)-127.0.0.1] o.s.web.servlet.DispatcherServlet        : FrameworkServlet 'dispatcherServlet': initialization started
2018-12-17 23:09:40.713  INFO 8720 --- [RMI TCP Connection(9)-127.0.0.1] o.s.web.servlet.DispatcherServlet        : FrameworkServlet 'dispatcherServlet': initialization completed in 17 ms
2018-12-17 23:09:40.843  INFO 8720 --- [RMI TCP Connection(4)-127.0.0.1] com.zaxxer.hikari.HikariDataSource       : HikariPool-1 - Start completed.
2018-12-17 23:09:40.857  INFO 8720 --- [RMI TCP Connection(4)-127.0.0.1] com.zaxxer.hikari.HikariDataSource       : HikariPool-2 - Starting...
2018-12-17 23:09:40.864  INFO 8720 --- [RMI TCP Connection(4)-127.0.0.1] com.zaxxer.hikari.HikariDataSource       : HikariPool-2 - Start completed.
2018-12-17 23:09:40.939  INFO 8720 --- [RMI TCP Connection(4)-127.0.0.1] io.lettuce.core.EpollProvider            : Starting without optional epoll library
2018-12-17 23:09:40.940  INFO 8720 --- [RMI TCP Connection(4)-127.0.0.1] io.lettuce.core.KqueueProvider           : Starting without optional kqueue library
2018-12-17 23:10:02.686  INFO 8720 --- [http-nio-8080-exec-1] a.s.s.m.AbstractValidatingSessionManager : Enabling session validation scheduler...
2018-12-17 23:16:25.585  INFO 2388 --- [main] com.example.demo.DemoApplication         : Starting DemoApplication on DESKTOP-N2BRJI6 with PID 2388 (F:\SpringBoot\demo\target\classes started by 76739 in F:\SpringBoot\demo)
2018-12-17 23:16:25.588  INFO 2388 --- [main] com.example.demo.DemoApplication         : No active profile set, falling back to default profiles: default
2018-12-17 23:16:26.079  WARN 2388 --- [main] o.m.s.mapper.ClassPathMapperScanner      : Skipping MapperFactoryBean with name 'sysResourcesMapper' and 'com.example.mapper.test1.SysResourcesMapper' mapperInterface. Bean already defined with the same name!
2018-12-17 23:16:26.079  WARN 2388 --- [main] o.m.s.mapper.ClassPathMapperScanner      : Skipping MapperFactoryBean with name 'sysRoleMapper' and 'com.example.mapper.test1.SysRoleMapper' mapperInterface. Bean already defined with the same name!
2018-12-17 23:16:26.079  WARN 2388 --- [main] o.m.s.mapper.ClassPathMapperScanner      : Skipping MapperFactoryBean with name 'sysRoleResourcesMapper' and 'com.example.mapper.test1.SysRoleResourcesMapper' mapperInterface. Bean already defined with the same name!
2018-12-17 23:16:26.079  WARN 2388 --- [main] o.m.s.mapper.ClassPathMapperScanner      : Skipping MapperFactoryBean with name 'sysUserMapper' and 'com.example.mapper.test1.SysUserMapper' mapperInterface. Bean already defined with the same name!
2018-12-17 23:16:26.080  WARN 2388 --- [main] o.m.s.mapper.ClassPathMapperScanner      : Skipping MapperFactoryBean with name 'sysUserRoleMapper' and 'com.example.mapper.test1.SysUserRoleMapper' mapperInterface. Bean already defined with the same name!
2018-12-17 23:16:26.080  WARN 2388 --- [main] o.m.s.mapper.ClassPathMapperScanner      : Skipping MapperFactoryBean with name 'userMapper' and 'com.example.mapper.test1.UserMapper' mapperInterface. Bean already defined with the same name!
2018-12-17 23:16:26.080  WARN 2388 --- [main] o.m.s.mapper.ClassPathMapperScanner      : Skipping MapperFactoryBean with name 'sysUserMapper2' and 'com.example.mapper.test2.SysUserMapper2' mapperInterface. Bean already defined with the same name!
2018-12-17 23:16:26.080  WARN 2388 --- [main] o.m.s.mapper.ClassPathMapperScanner      : No MyBatis mapper was found in '[com.example.mapper]' package. Please check your configuration.
2018-12-17 23:16:27.617  INFO 2388 --- [main] o.apache.catalina.core.StandardService   : Starting service [Tomcat]
2018-12-17 23:16:27.617  INFO 2388 --- [main] org.apache.catalina.core.StandardEngine  : Starting Servlet Engine: Apache Tomcat/8.5.34
2018-12-17 23:16:27.620  INFO 2388 --- [localhost-startStop-1] o.a.catalina.core.AprLifecycleListener   : The APR based Apache Tomcat Native library which allows optimal performance in production environments was not found on the java.library.path: [C:\Program Files\Java\jdk1.8.0_181\bin;C:\WINDOWS\Sun\Java\bin;C:\WINDOWS\system32;C:\WINDOWS;C:\Program Files (x86)\Common Files\Oracle\Java\javapath;C:\Program Files\Java\jdk1.8.0_181\bin;C:\Program Files (x86)\Intel\iCLS Client\;C:\Program Files\Intel\iCLS Client\;C:\Windows\system32;C:\Windows;C:\Windows\System32\Wbem;C:\Windows\System32\WindowsPowerShell\v1.0\;C:\Program Files (x86)\NVIDIA Corporation\PhysX\Common;C:\Program Files (x86)\Intel\Intel(R) Management Engine Components\DAL;C:\Program Files\Intel\Intel(R) Management Engine Components\DAL;C:\Program Files (x86)\Intel\Intel(R) Management Engine Components\IPT;C:\Program Files\Intel\Intel(R) Management Engine Components\IPT;C:\WINDOWS\system32;C:\WINDOWS;C:\WINDOWS\System32\Wbem;C:\WINDOWS\System32\WindowsPowerShell\v1.0\;F:\Maven\apache-maven-3.5.4\bin\;C:\Program Files\MySQL\MySQL Server 5.7\bin;C:\Program Files\MySQL\MySQL Utilities 1.6\;C:\WINDOWS\System32\OpenSSH\;F:\Redis\;C:\Users\76739\AppData\Local\Microsoft\WindowsApps;;.]
2018-12-17 23:16:27.780  INFO 2388 --- [localhost-startStop-1] org.apache.jasper.servlet.TldScanner     : At least one JAR was scanned for TLDs yet contained no TLDs. Enable debug logging for this logger for a complete list of JARs that were scanned but no TLDs were found in them. Skipping unneeded JARs during scanning can improve startup time and JSP compilation time.
2018-12-17 23:16:27.783  INFO 2388 --- [localhost-startStop-1] o.a.c.c.C.[Tomcat].[localhost].[/]       : Initializing Spring embedded WebApplicationContext
2018-12-17 23:16:27.783  INFO 2388 --- [localhost-startStop-1] o.s.web.context.ContextLoader            : Root WebApplicationContext: initialization completed in 2153 ms
2018-12-17 23:16:28.919  INFO 2388 --- [main] o.s.w.s.handler.SimpleUrlHandlerMapping  : Mapped URL path [/**/favicon.ico] onto handler of type [class org.springframework.web.servlet.resource.ResourceHttpRequestHandler]
2018-12-17 23:16:29.209  INFO 2388 --- [main] s.w.s.m.m.a.RequestMappingHandlerAdapter : Looking for @ControllerAdvice: org.springframework.boot.web.servlet.context.AnnotationConfigServletWebServerApplicationContext@1f53a5dc: startup date [Mon Dec 17 23:16:25 CST 2018]; root of context hierarchy
2018-12-17 23:16:29.266  INFO 2388 --- [main] s.w.s.m.m.a.RequestMappingHandlerMapping : Mapped "{[/hello]}" onto public java.lang.String com.example.controller.HelloWorldController.index()
2018-12-17 23:16:29.267  INFO 2388 --- [main] s.w.s.m.m.a.RequestMappingHandlerMapping : Mapped "{[/addUser]}" onto public int com.example.controller.HelloWorldController.addUser(com.example.model.User)
2018-12-17 23:16:29.268  INFO 2388 --- [main] s.w.s.m.m.a.RequestMappingHandlerMapping : Mapped "{[/hello1]}" onto public java.lang.String com.example.controller.HelloWorldController.setcache()
2018-12-17 23:16:29.268  INFO 2388 --- [main] s.w.s.m.m.a.RequestMappingHandlerMapping : Mapped "{[/hello2]}" onto public java.lang.String com.example.controller.HelloWorldController.getcache()
2018-12-17 23:16:29.269  INFO 2388 --- [main] s.w.s.m.m.a.RequestMappingHandlerMapping : Mapped "{[/auth/login],methods=[GET]}" onto public java.lang.String com.example.controller.LoginController.loginPage()
2018-12-17 23:16:29.269  INFO 2388 --- [main] s.w.s.m.m.a.RequestMappingHandlerMapping : Mapped "{[/auth/kickout],methods=[GET]}" onto public java.lang.String com.example.controller.LoginController.kickOut()
2018-12-17 23:16:29.269  INFO 2388 --- [main] s.w.s.m.m.a.RequestMappingHandlerMapping : Mapped "{[/auth/login],methods=[POST]}" onto public java.lang.String com.example.controller.LoginController.submitLogin(java.lang.String,java.lang.String,javax.servlet.http.HttpServletRequest)
2018-12-17 23:16:29.269  INFO 2388 --- [main] s.w.s.m.m.a.RequestMappingHandlerMapping : Mapped "{[/auth/index],methods=[GET]}" onto public java.lang.String com.example.controller.LoginController.loginSuccessMessage(javax.servlet.http.HttpServletRequest)
2018-12-17 23:16:29.272  INFO 2388 --- [main] s.w.s.m.m.a.RequestMappingHandlerMapping : Mapped "{[/error]}" onto public org.springframework.http.ResponseEntity<java.util.Map<java.lang.String, java.lang.Object>> org.springframework.boot.autoconfigure.web.servlet.error.BasicErrorController.error(javax.servlet.http.HttpServletRequest)
2018-12-17 23:16:29.273  INFO 2388 --- [main] s.w.s.m.m.a.RequestMappingHandlerMapping : Mapped "{[/error],produces=[text/html]}" onto public org.springframework.web.servlet.ModelAndView org.springframework.boot.autoconfigure.web.servlet.error.BasicErrorController.errorHtml(javax.servlet.http.HttpServletRequest,javax.servlet.http.HttpServletResponse)
2018-12-17 23:16:29.315  INFO 2388 --- [main] o.s.w.s.handler.SimpleUrlHandlerMapping  : Mapped URL path [/webjars/**] onto handler of type [class org.springframework.web.servlet.resource.ResourceHttpRequestHandler]
2018-12-17 23:16:29.316  INFO 2388 --- [main] o.s.w.s.handler.SimpleUrlHandlerMapping  : Mapped URL path [/**] onto handler of type [class org.springframework.web.servlet.resource.ResourceHttpRequestHandler]
2018-12-17 23:16:29.337  INFO 2388 --- [main] .m.m.a.ExceptionHandlerExceptionResolver : Detected @ExceptionHandler methods in ctrlExceptionHandler
2018-12-17 23:16:30.136  INFO 2388 --- [main] com.example.demo.DemoApplication         : Started DemoApplication in 4.879 seconds (JVM running for 5.56)
2018-12-17 23:16:30.440  INFO 2388 --- [RMI TCP Connection(4)-127.0.0.1] com.zaxxer.hikari.HikariDataSource       : HikariPool-1 - Starting...
2018-12-17 23:16:30.441  INFO 2388 --- [RMI TCP Connection(8)-127.0.0.1] o.a.c.c.C.[Tomcat].[localhost].[/]       : Initializing Spring FrameworkServlet 'dispatcherServlet'
2018-12-17 23:16:30.442  INFO 2388 --- [RMI TCP Connection(8)-127.0.0.1] o.s.web.servlet.DispatcherServlet        : FrameworkServlet 'dispatcherServlet': initialization started
2018-12-17 23:16:30.458  INFO 2388 --- [RMI TCP Connection(8)-127.0.0.1] o.s.web.servlet.DispatcherServlet        : FrameworkServlet 'dispatcherServlet': initialization completed in 16 ms
2018-12-17 23:16:30.577  INFO 2388 --- [RMI TCP Connection(4)-127.0.0.1] com.zaxxer.hikari.HikariDataSource       : HikariPool-1 - Start completed.
2018-12-17 23:16:30.589  INFO 2388 --- [RMI TCP Connection(4)-127.0.0.1] com.zaxxer.hikari.HikariDataSource       : HikariPool-2 - Starting...
2018-12-17 23:16:30.595  INFO 2388 --- [RMI TCP Connection(4)-127.0.0.1] com.zaxxer.hikari.HikariDataSource       : HikariPool-2 - Start completed.
2018-12-17 23:16:30.656  INFO 2388 --- [RMI TCP Connection(4)-127.0.0.1] io.lettuce.core.EpollProvider            : Starting without optional epoll library
2018-12-17 23:16:30.657  INFO 2388 --- [RMI TCP Connection(4)-127.0.0.1] io.lettuce.core.KqueueProvider           : Starting without optional kqueue library
2018-12-17 23:16:43.876  INFO 2388 --- [http-nio-8080-exec-1] a.s.s.m.AbstractValidatingSessionManager : Enabling session validation scheduler...
